{"target": 465.0, "params": {"B": 5.202978274702147, "R": 0.09682933141436782}, "datetime": {"datetime": "2021-04-26 15:47:04", "elapsed": 0.0, "delta": 0.0}}
{"target": 440.0, "params": {"B": 3.2536967126369714, "R": 0.06926302930536449}, "datetime": {"datetime": "2021-04-26 15:51:27", "elapsed": 263.642907, "delta": 263.642907}}
{"target": 490.0, "params": {"B": 5.505556609184153, "R": 0.08947120568403436}, "datetime": {"datetime": "2021-04-26 15:55:54", "elapsed": 530.623247, "delta": 266.98034}}
{"target": 485.0, "params": {"B": 2.3401768454791116, "R": 0.004001572844964948}, "datetime": {"datetime": "2021-04-26 16:00:09", "elapsed": 784.902388, "delta": 254.279141}}
{"target": 545.0, "params": {"B": 2.6793216782582756, "R": 0.08782643609259838}, "datetime": {"datetime": "2021-04-26 16:04:16", "elapsed": 1031.908298, "delta": 247.00591}}
{"target": 495.0, "params": {"B": 2.3933873353322004, "R": 0.042168651738004714}, "datetime": {"datetime": "2021-04-26 16:08:22", "elapsed": 1278.116477, "delta": 246.208179}}
{"target": 430.0, "params": {"B": 5.831558120602008, "R": 0.05336321196880441}, "datetime": {"datetime": "2021-04-26 16:13:40", "elapsed": 1595.802671, "delta": 317.686194}}
{"target": 560.0, "params": {"B": 4.767508455801893, "R": 0.03162001153750569}, "datetime": {"datetime": "2021-04-26 16:19:11", "elapsed": 1927.463647, "delta": 331.660976}}
{"target": 535.0, "params": {"B": 4.746003710726335, "R": 0.08347910462254755}, "datetime": {"datetime": "2021-04-26 16:23:33", "elapsed": 2189.062429, "delta": 261.598782}}
{"target": 540.0, "params": {"B": 2.0731531093767672, "R": 0.07503941706300225}, "datetime": {"datetime": "2021-04-26 16:27:35", "elapsed": 2431.629099, "delta": 242.56667}}
{"target": 395.0, "params": {"B": 2.889612634320645, "R": 0.08814675617415066}, "datetime": {"datetime": "2021-04-26 16:32:24", "elapsed": 2720.007444, "delta": 288.378345}}
{"target": 500.0, "params": {"B": 2.339815496777841, "R": 0.06481015498118452}, "datetime": {"datetime": "2021-04-26 16:37:31", "elapsed": 3026.899082, "delta": 306.891638}}
{"target": 575.0, "params": {"B": 5.580907965187646, "R": 0.04709177889050203}, "datetime": {"datetime": "2021-04-26 16:42:10", "elapsed": 3305.892662, "delta": 278.99358}}
{"target": 375.0, "params": {"B": 3.7286824583498555, "R": 0.08656159819941012}, "datetime": {"datetime": "2021-04-26 16:46:02", "elapsed": 3537.778576, "delta": 231.885914}}
{"target": 355.0, "params": {"B": 2.1116081221777483, "R": 0.013906687212378586}, "datetime": {"datetime": "2021-04-26 16:50:40", "elapsed": 3816.303301, "delta": 278.524725}}
{"target": 480.0, "params": {"B": 5.70386122211222, "R": 0.0457150413159584}, "datetime": {"datetime": "2021-04-26 16:54:43", "elapsed": 4059.054855, "delta": 242.751554}}
{"target": 355.0, "params": {"B": 5.52931132132878, "R": 0.0840429956838814}, "datetime": {"datetime": "2021-04-26 16:58:38", "elapsed": 4294.212755, "delta": 235.1579}}
{"target": 385.0, "params": {"B": 4.44479357587402, "R": 0.08092073697092388}, "datetime": {"datetime": "2021-04-26 18:51:10", "elapsed": 11045.690794, "delta": 6751.478039}}
{"target": 460.0, "params": {"B": 2.2505310127842395, "R": 0.052787900465871895}, "datetime": {"datetime": "2021-04-26 18:55:58", "elapsed": 11334.188432, "delta": 288.497638}}
{"target": 370.0, "params": {"B": 3.3731121713817402, "R": 0.06396450088614337}, "datetime": {"datetime": "2021-04-26 19:01:46", "elapsed": 11681.973306, "delta": 347.784874}}
{"target": 355.0, "params": {"B": 4.908870397516438, "R": 0.024222695516301355}, "datetime": {"datetime": "2021-04-26 19:06:01", "elapsed": 11937.578251, "delta": 255.604945}}
{"target": 375.0, "params": {"B": 5.005952733888176, "R": 0.08589061316399414}, "datetime": {"datetime": "2021-04-26 19:10:52", "elapsed": 12228.529367, "delta": 290.951116}}
{"target": 460.0, "params": {"B": 2.63462906167472, "R": 0.06700569164560434}, "datetime": {"datetime": "2021-04-26 19:15:21", "elapsed": 12497.140951, "delta": 268.611584}}
{"target": 465.0, "params": {"B": 3.1702914046634674, "R": 0.09978105065034978}, "datetime": {"datetime": "2021-04-26 19:19:27", "elapsed": 12743.575316, "delta": 246.434365}}
{"target": 530.0, "params": {"B": 5.832956803486516, "R": 0.04006359717131344}, "datetime": {"datetime": "2021-04-26 19:23:37", "elapsed": 12993.563051, "delta": 249.987735}}
{"target": 320.0, "params": {"B": 2.5251122614526067, "R": 0.08640904692502319}, "datetime": {"datetime": "2021-04-26 19:28:48", "elapsed": 13304.0089, "delta": 310.445849}}
{"target": 405.0, "params": {"B": 4.756000366273993, "R": 0.0017481976980984457}, "datetime": {"datetime": "2021-04-26 19:33:52", "elapsed": 13607.973713, "delta": 303.964813}}
{"target": 580.0, "params": {"B": 4.696253460611956, "R": 0.09637651202422368}, "datetime": {"datetime": "2021-04-26 19:38:11", "elapsed": 13867.517339, "delta": 259.543626}}
{"target": 485.0, "params": {"B": 2.775948305973117, "R": 0.01871105211420859}, "datetime": {"datetime": "2021-04-26 19:42:04", "elapsed": 14100.550653, "delta": 233.033314}}
{"target": 475.0, "params": {"B": 4.248917235689589, "R": 0.03286132013648808}, "datetime": {"datetime": "2021-04-26 19:45:59", "elapsed": 14335.330187, "delta": 234.779534}}
{"target": 465.0, "params": {"B": 5.106084018514123, "R": 0.019705029333330966}, "datetime": {"datetime": "2021-04-26 19:50:21", "elapsed": 14597.587636, "delta": 262.257449}}
{"target": 455.0, "params": {"B": 5.505451987066207, "R": 0.08939591030792336}, "datetime": {"datetime": "2021-04-26 19:54:37", "elapsed": 14853.519077, "delta": 255.931441}}
{"target": 550.0, "params": {"B": 4.745520282765108, "R": 0.08255449797132171}, "datetime": {"datetime": "2021-04-26 19:59:08", "elapsed": 15124.49133, "delta": 270.972253}}
{"target": 420.0, "params": {"B": 4.74570262560474, "R": 0.08307394087326811}, "datetime": {"datetime": "2021-04-26 20:03:21", "elapsed": 15377.545387, "delta": 253.054057}}
{"target": 590.0, "params": {"B": 4.040995315916254, "R": 0.07832879142581389}, "datetime": {"datetime": "2021-04-26 20:07:57", "elapsed": 15652.870783, "delta": 275.325396}}
{"target": 560.0, "params": {"B": 4.767303424709038, "R": 0.031248969699275226}, "datetime": {"datetime": "2021-04-26 20:14:01", "elapsed": 16017.424609, "delta": 364.553826}}
{"target": 365.0, "params": {"B": 5.068612482093909, "R": 0.06734851902042824}, "datetime": {"datetime": "2021-04-26 20:18:40", "elapsed": 16296.170205, "delta": 278.745596}}
{"target": 575.0, "params": {"B": 4.041328995918649, "R": 0.07876695247752893}, "datetime": {"datetime": "2021-04-26 20:22:29", "elapsed": 16524.903403, "delta": 228.733198}}
{"target": 505.0, "params": {"B": 5.000359266468085, "R": 0.016354901401061293}, "datetime": {"datetime": "2021-04-26 20:26:57", "elapsed": 16792.83755, "delta": 267.934147}}
{"target": 505.0, "params": {"B": 3.6681244453622774, "R": 0.07209156510600416}, "datetime": {"datetime": "2021-04-26 20:31:00", "elapsed": 17035.964691, "delta": 243.127141}}
{"target": 470.0, "params": {"B": 2.3403269126309607, "R": 0.06456733363694589}, "datetime": {"datetime": "2021-04-26 20:34:44", "elapsed": 17260.176173, "delta": 224.211482}}
{"target": 385.0, "params": {"B": 5.581507155230683, "R": 0.04776018456107922}, "datetime": {"datetime": "2021-04-26 20:39:57", "elapsed": 17572.753229, "delta": 312.577056}}
{"target": 405.0, "params": {"B": 2.6795053873025108, "R": 0.0883627982923367}, "datetime": {"datetime": "2021-04-26 20:43:54", "elapsed": 17810.296696, "delta": 237.543467}}
{"target": 400.0, "params": {"B": 2.3399318571309404, "R": 0.0033375877972125936}, "datetime": {"datetime": "2021-04-26 20:47:57", "elapsed": 18053.138933, "delta": 242.842237}}
{"target": 430.0, "params": {"B": 5.833185938837188, "R": 0.0398846430827274}, "datetime": {"datetime": "2021-04-26 20:52:06", "elapsed": 18301.726921, "delta": 248.587988}}
{"target": 480.0, "params": {"B": 3.730050945490989, "R": 0.035410709387423245}, "datetime": {"datetime": "2021-04-26 20:56:15", "elapsed": 18551.150534, "delta": 249.423613}}
{"target": 480.0, "params": {"B": 4.696076748793892, "R": 0.09676693150567134}, "datetime": {"datetime": "2021-04-26 21:00:15", "elapsed": 18790.955488, "delta": 239.804954}}
{"target": 420.0, "params": {"B": 2.318611863549087, "R": 0.06307785740497336}, "datetime": {"datetime": "2021-04-26 21:04:53", "elapsed": 19069.334703, "delta": 278.379215}}
{"target": 535.0, "params": {"B": 4.042276129154709, "R": 0.07807416246111488}, "datetime": {"datetime": "2021-04-26 21:09:01", "elapsed": 19316.997399, "delta": 247.662696}}
{"target": 380.0, "params": {"B": 3.6680563061696256, "R": 0.07179534587436204}, "datetime": {"datetime": "2021-04-26 21:13:01", "elapsed": 19556.684009, "delta": 239.68661}}
{"target": 540.0, "params": {"B": 5.703760215163831, "R": 0.04544174055692572}, "datetime": {"datetime": "2021-04-26 21:17:29", "elapsed": 19824.764549, "delta": 268.08054}}
{"target": 365.0, "params": {"B": 5.000137295931115, "R": 0.015913019967545055}, "datetime": {"datetime": "2021-04-26 21:21:20", "elapsed": 20056.311198, "delta": 231.546649}}
{"target": 565.0, "params": {"B": 4.042678956894909, "R": 0.0776937219403596}, "datetime": {"datetime": "2021-04-26 21:25:44", "elapsed": 20319.680994, "delta": 263.369796}}
{"target": 470.0, "params": {"B": 4.9552680704725285, "R": 0.030355721623757645}, "datetime": {"datetime": "2021-04-26 21:29:40", "elapsed": 20555.744833, "delta": 236.063839}}
{"target": 555.0, "params": {"B": 2.0436707866586015, "R": 0.03807576353026623}, "datetime": {"datetime": "2021-04-26 21:34:01", "elapsed": 20816.755554, "delta": 261.010721}}
{"target": 480.0, "params": {"B": 2.0434975867473484, "R": 0.03777851588410179}, "datetime": {"datetime": "2021-04-26 21:38:59", "elapsed": 21115.407645, "delta": 298.652091}}
{"target": 350.0, "params": {"B": 5.703751461293773, "R": 0.04619185027764621}, "datetime": {"datetime": "2021-04-26 21:43:52", "elapsed": 21408.184548, "delta": 292.776903}}
{"target": 420.0, "params": {"B": 4.6959913984071235, "R": 0.09649084606867105}, "datetime": {"datetime": "2021-04-26 21:47:14", "elapsed": 21609.823281, "delta": 201.638733}}
{"target": 465.0, "params": {"B": 2.073770717969672, "R": 0.07513730089317769}, "datetime": {"datetime": "2021-04-26 21:52:46", "elapsed": 21942.031046, "delta": 332.207765}}
{"target": 350.0, "params": {"B": 2.26789869999234, "R": 0.05344958529365213}, "datetime": {"datetime": "2021-04-26 21:57:10", "elapsed": 22205.836094, "delta": 263.805048}}
{"target": 665.0, "params": {"B": 3.5874219344796816, "R": 0.053985342345844636}, "datetime": {"datetime": "2021-04-26 22:01:07", "elapsed": 22443.66337, "delta": 237.827276}}
{"target": 375.0, "params": {"B": 4.767967895960239, "R": 0.031053595464795452}, "datetime": {"datetime": "2021-04-26 22:06:04", "elapsed": 22740.28072, "delta": 296.61735}}
{"target": 525.0, "params": {"B": 2.044220554583571, "R": 0.03812001963697933}, "datetime": {"datetime": "2021-04-26 22:09:59", "elapsed": 22974.748296, "delta": 234.467576}}
{"target": 460.0, "params": {"B": 5.832940876817746, "R": 0.040845367479528494}, "datetime": {"datetime": "2021-04-26 22:13:41", "elapsed": 23197.488138, "delta": 222.739842}}
{"target": 605.0, "params": {"B": 4.24881348621771, "R": 0.03259474795318447}, "datetime": {"datetime": "2021-04-26 22:17:34", "elapsed": 23430.190341, "delta": 232.702203}}
{"target": 410.0, "params": {"B": 3.669070020348502, "R": 0.05606936873471649}, "datetime": {"datetime": "2021-04-26 22:21:53", "elapsed": 23689.266399, "delta": 259.076058}}
{"target": 525.0, "params": {"B": 3.667661483721373, "R": 0.07197774000441697}, "datetime": {"datetime": "2021-04-26 22:25:30", "elapsed": 23906.460994, "delta": 217.194595}}
{"target": 545.0, "params": {"B": 4.76699591414914, "R": 0.03136621931511662}, "datetime": {"datetime": "2021-04-26 22:29:35", "elapsed": 24151.164793, "delta": 244.703799}}
{"target": 490.0, "params": {"B": 4.662746995220493, "R": 0.09448198386242447}, "datetime": {"datetime": "2021-04-26 22:34:17", "elapsed": 24433.618662, "delta": 282.453869}}
{"target": 685.0, "params": {"B": 3.586970275750389, "R": 0.05349278348484665}, "datetime": {"datetime": "2021-04-26 22:38:30", "elapsed": 24686.516512, "delta": 252.89785}}
{"target": 275.0, "params": {"B": 5.0006039366507, "R": 0.016532357172058892}, "datetime": {"datetime": "2021-04-26 22:42:32", "elapsed": 24928.162255, "delta": 241.645743}}
{"target": 535.0, "params": {"B": 2.0029198356387905, "R": 0.03431760527643805}, "datetime": {"datetime": "2021-04-26 22:46:43", "elapsed": 25179.291712, "delta": 251.129457}}
{"target": 280.0, "params": {"B": 2.3396507652361045, "R": 0.06528776318789588}, "datetime": {"datetime": "2021-04-26 22:51:09", "elapsed": 25445.401743, "delta": 266.110031}}
{"target": 565.0, "params": {"B": 2.0018725855186164, "R": 0.034238160680174955}, "datetime": {"datetime": "2021-04-26 22:55:18", "elapsed": 25693.917838, "delta": 248.516095}}
{"target": 385.0, "params": {"B": 3.357574478705846, "R": 0.02744381654892533}, "datetime": {"datetime": "2021-04-26 22:59:40", "elapsed": 25956.067179, "delta": 262.149341}}
{"target": 540.0, "params": {"B": 4.249732998943022, "R": 0.03306953993855346}, "datetime": {"datetime": "2021-04-26 23:04:22", "elapsed": 26238.396768, "delta": 282.329589}}
{"target": 340.0, "params": {"B": 4.248729715526977, "R": 0.03265800471026161}, "datetime": {"datetime": "2021-04-26 23:08:57", "elapsed": 26512.81572, "delta": 274.418952}}
{"target": 495.0, "params": {"B": 4.745854632355819, "R": 0.08243989209474778}, "datetime": {"datetime": "2021-04-26 23:12:57", "elapsed": 26753.249632, "delta": 240.433912}}
{"target": 435.0, "params": {"B": 2.671772665236967, "R": 0.06854291084794635}, "datetime": {"datetime": "2021-04-26 23:17:38", "elapsed": 27033.762123, "delta": 280.512491}}
{"target": 570.0, "params": {"B": 3.170213808011171, "R": 0.09994761278195231}, "datetime": {"datetime": "2021-04-26 23:21:37", "elapsed": 27272.730529, "delta": 238.968406}}
{"target": 485.0, "params": {"B": 4.249602824280444, "R": 0.033487033948732425}, "datetime": {"datetime": "2021-04-26 23:25:59", "elapsed": 27535.242354, "delta": 262.511825}}
{"target": 405.0, "params": {"B": 3.085884655832077, "R": 0.03251899877456997}, "datetime": {"datetime": "2021-04-26 23:31:43", "elapsed": 27878.70628, "delta": 343.463926}}
{"target": 345.0, "params": {"B": 2.775708950423736, "R": 0.018892743457604458}, "datetime": {"datetime": "2021-04-26 23:36:57", "elapsed": 28193.554161, "delta": 314.847881}}
{"target": 305.0, "params": {"B": 5.3449867852776265, "R": 0.017864628435848778}, "datetime": {"datetime": "2021-04-26 23:41:22", "elapsed": 28458.169918, "delta": 264.615757}}
{"target": 440.0, "params": {"B": 3.73022226227098, "R": 0.03577867827985832}, "datetime": {"datetime": "2021-04-26 23:45:37", "elapsed": 28713.047787, "delta": 254.877869}}
{"target": 420.0, "params": {"B": 3.5868385465539827, "R": 0.053220577041215696}, "datetime": {"datetime": "2021-04-26 23:49:42", "elapsed": 28958.498965, "delta": 245.451178}}
{"target": 335.0, "params": {"B": 2.188757898642982, "R": 0.005800483424647442}, "datetime": {"datetime": "2021-04-26 23:53:44", "elapsed": 29200.116323, "delta": 241.617358}}
{"target": 440.0, "params": {"B": 3.7300024907007847, "R": 0.03562126036520186}, "datetime": {"datetime": "2021-04-26 23:58:03", "elapsed": 29459.170535, "delta": 259.054212}}
{"target": 555.0, "params": {"B": 2.003200021656966, "R": 0.033939976542692554}, "datetime": {"datetime": "2021-04-27 00:02:15", "elapsed": 29710.89841, "delta": 251.727875}}
{"target": 465.0, "params": {"B": 3.5869571852294566, "R": 0.05380995143295777}, "datetime": {"datetime": "2021-04-27 00:08:20", "elapsed": 30076.241091, "delta": 365.342681}}
{"target": 525.0, "params": {"B": 4.779063386529892, "R": 0.061515594601060326}, "datetime": {"datetime": "2021-04-27 00:12:42", "elapsed": 30337.703512, "delta": 261.462421}}
{"target": 555.0, "params": {"B": 3.5852823572483397, "R": 0.05319432152487052}, "datetime": {"datetime": "2021-04-27 00:17:28", "elapsed": 30624.576288, "delta": 286.872776}}
{"target": 330.0, "params": {"B": 2.49475720010454, "R": 0.013227712341106005}, "datetime": {"datetime": "2021-04-27 00:22:20", "elapsed": 30915.783006, "delta": 291.206718}}
{"target": 515.0, "params": {"B": 3.7287194604891294, "R": 0.03559736774060408}, "datetime": {"datetime": "2021-04-27 00:27:24", "elapsed": 31219.806587, "delta": 304.023581}}
{"target": 520.0, "params": {"B": 3.3565250994823956, "R": 0.027610144638405273}, "datetime": {"datetime": "2021-04-27 00:31:56", "elapsed": 31491.71429, "delta": 271.907703}}
{"target": 430.0, "params": {"B": 2.339924807779233, "R": 0.06504097044718203}, "datetime": {"datetime": "2021-04-27 00:36:59", "elapsed": 31794.745718, "delta": 303.031428}}
{"target": 535.0, "params": {"B": 3.435099943352727, "R": 0.09726553237791022}, "datetime": {"datetime": "2021-04-27 00:41:32", "elapsed": 32068.051568, "delta": 273.30585}}
{"target": 290.0, "params": {"B": 4.2485919484100005, "R": 0.03199805998227967}, "datetime": {"datetime": "2021-04-27 00:45:49", "elapsed": 32325.431109, "delta": 257.379541}}
{"target": 410.0, "params": {"B": 3.355952670294354, "R": 0.02777231798998363}, "datetime": {"datetime": "2021-04-27 00:50:12", "elapsed": 32588.176756, "delta": 262.745647}}
{"target": 295.0, "params": {"B": 4.766935737488639, "R": 0.030833823491029783}, "datetime": {"datetime": "2021-04-27 00:54:27", "elapsed": 32842.993928, "delta": 254.817172}}
{"target": 530.0, "params": {"B": 2.266856476017634, "R": 0.05385117547349203}, "datetime": {"datetime": "2021-04-27 00:58:11", "elapsed": 33067.553645, "delta": 224.559717}}
{"target": 325.0, "params": {"B": 3.435003222394001, "R": 0.0971663763085657}, "datetime": {"datetime": "2021-04-27 01:02:06", "elapsed": 33302.176268, "delta": 234.622623}}
{"target": 325.0, "params": {"B": 2.2507013394412887, "R": 0.05245241813356684}, "datetime": {"datetime": "2021-04-27 01:06:01", "elapsed": 33536.849585, "delta": 234.673317}}
{"target": 525.0, "params": {"B": 5.444237799815143, "R": 0.07360243181428874}, "datetime": {"datetime": "2021-04-27 01:10:48", "elapsed": 33823.763456, "delta": 286.913871}}
{"target": 390.0, "params": {"B": 2.3404884636670267, "R": 0.004135588517703579}, "datetime": {"datetime": "2021-04-27 01:15:03", "elapsed": 34078.800786, "delta": 255.03733}}
{"target": 480.0, "params": {"B": 3.4325795912020314, "R": 0.06417074561708103}, "datetime": {"datetime": "2021-04-27 01:19:25", "elapsed": 34341.127758, "delta": 262.326972}}
{"target": 430.0, "params": {"B": 5.833240925820398, "R": 0.04072745371473475}, "datetime": {"datetime": "2021-04-27 01:23:07", "elapsed": 34563.080667, "delta": 221.952909}}
{"target": 350.0, "params": {"B": 2.319169106734193, "R": 0.06252576395385416}, "datetime": {"datetime": "2021-04-27 01:27:52", "elapsed": 34847.907885, "delta": 284.827218}}
{"target": 520.0, "params": {"B": 2.393330162229491, "R": 0.04201087025187302}, "datetime": {"datetime": "2021-04-27 01:31:55", "elapsed": 35091.371147, "delta": 243.463262}}
{"target": 490.0, "params": {"B": 5.166092908432823, "R": 0.07685762072313737}, "datetime": {"datetime": "2021-04-27 01:35:50", "elapsed": 35326.627284, "delta": 235.256137}}
{"target": 515.0, "params": {"B": 4.041044919182449, "R": 0.07943523064901811}, "datetime": {"datetime": "2021-04-27 01:39:14", "elapsed": 35529.972471, "delta": 203.345187}}
{"target": 370.0, "params": {"B": 5.105938386980919, "R": 0.019764694069057485}, "datetime": {"datetime": "2021-04-27 01:43:25", "elapsed": 35781.351254, "delta": 251.378783}}
{"target": 550.0, "params": {"B": 5.703658129251981, "R": 0.04519726838183861}, "datetime": {"datetime": "2021-04-27 02:18:31", "elapsed": 37886.75795, "delta": 2105.406696}}
{"target": 395.0, "params": {"B": 2.001836828593615, "R": 0.03437762503449887}, "datetime": {"datetime": "2021-04-27 03:08:01", "elapsed": 40856.827284, "delta": 2970.069334}}
{"target": 430.0, "params": {"B": 5.401307844403092, "R": 0.06096330805324419}, "datetime": {"datetime": "2021-04-27 07:17:12", "elapsed": 55808.465157, "delta": 14951.637873}}
{"target": 455.0, "params": {"B": 4.041023683502845, "R": 0.07927559506491219}, "datetime": {"datetime": "2021-04-27 07:22:15", "elapsed": 56111.051675, "delta": 302.586518}}
{"target": 480.0, "params": {"B": 4.696493017979049, "R": 0.09714167526827128}, "datetime": {"datetime": "2021-04-27 07:26:56", "elapsed": 56392.245543, "delta": 281.193868}}
{"target": 445.0, "params": {"B": 4.696413511018049, "R": 0.09691287587440696}, "datetime": {"datetime": "2021-04-27 07:32:12", "elapsed": 56708.212999, "delta": 315.967456}}
{"target": 330.0, "params": {"B": 2.672033256808718, "R": 0.06826886090332554}, "datetime": {"datetime": "2021-04-27 07:37:31", "elapsed": 57027.397606, "delta": 319.184607}}
{"target": 350.0, "params": {"B": 4.040815477518761, "R": 0.07817822494353369}, "datetime": {"datetime": "2021-04-27 07:42:21", "elapsed": 57317.446887, "delta": 290.049281}}
{"target": 430.0, "params": {"B": 2.001729602017572, "R": 0.03398797437173089}, "datetime": {"datetime": "2021-04-27 07:48:53", "elapsed": 57708.85965, "delta": 391.412763}}
{"target": 495.0, "params": {"B": 4.955507061981229, "R": 0.030485742983031097}, "datetime": {"datetime": "2021-04-27 07:54:58", "elapsed": 58074.200673, "delta": 365.341023}}
{"target": 320.0, "params": {"B": 2.6793382068883824, "R": 0.08750051439299084}, "datetime": {"datetime": "2021-04-27 08:01:37", "elapsed": 58473.386582, "delta": 399.185909}}
{"target": 345.0, "params": {"B": 4.82456735767061, "R": 0.0883478447038486}, "datetime": {"datetime": "2021-04-27 08:06:35", "elapsed": 58771.282542, "delta": 297.89596}}
{"target": 365.0, "params": {"B": 4.040415152931291, "R": 0.07919983013597938}, "datetime": {"datetime": "2021-04-27 08:12:45", "elapsed": 59140.987386, "delta": 369.704844}}
