{"target": 440.0, "params": {"B": 3.676778057613179, "R": 0.06855342808963628}, "datetime": {"datetime": "2021-04-26 09:33:22", "elapsed": 1642.297843, "delta": 489.201235}}
{"target": 440.0, "params": {"B": 3.676778057613179, "R": 0.06855342808963628}, "datetime": {"datetime": "2021-04-26 09:33:22", "elapsed": 0.0, "delta": 0.0}}
{"target": 375.0, "params": {"B": 2.8178089989260697, "R": 0.08782393189545545}, "datetime": {"datetime": "2021-04-26 09:38:04", "elapsed": 1923.821232, "delta": 281.523389}}
{"target": 375.0, "params": {"B": 2.8178089989260697, "R": 0.08782393189545545}, "datetime": {"datetime": "2021-04-26 09:38:04", "elapsed": 281.524556, "delta": 281.524556}}
{"target": 475.0, "params": {"B": 2.1095503727917047, "R": 0.06707970426682239}, "datetime": {"datetime": "2021-04-26 09:42:30", "elapsed": 2189.597012, "delta": 265.77578}}
{"target": 475.0, "params": {"B": 2.1095503727917047, "R": 0.06707970426682239}, "datetime": {"datetime": "2021-04-26 09:42:30", "elapsed": 547.299098, "delta": 265.774542}}
{"target": 480.0, "params": {"B": 3.669219209468508, "R": 0.0559131138617306}, "datetime": {"datetime": "2021-04-26 09:47:25", "elapsed": 2484.491271, "delta": 294.894259}}
{"target": 480.0, "params": {"B": 3.669219209468508, "R": 0.0559131138617306}, "datetime": {"datetime": "2021-04-26 09:47:25", "elapsed": 842.193329, "delta": 294.894231}}
{"target": 390.0, "params": {"B": 2.561547754380935, "R": 0.01989033875957939}, "datetime": {"datetime": "2021-04-26 09:51:16", "elapsed": 2716.130489, "delta": 231.639218}}
{"target": 390.0, "params": {"B": 2.561547754380935, "R": 0.01989033875957939}, "datetime": {"datetime": "2021-04-26 09:51:16", "elapsed": 1073.832562, "delta": 231.639233}}
{"target": 520.0, "params": {"B": 3.585557952164255, "R": 0.05279518667927834}, "datetime": {"datetime": "2021-04-26 09:56:45", "elapsed": 3044.847796, "delta": 328.717307}}
{"target": 520.0, "params": {"B": 3.585557952164255, "R": 0.05279518667927834}, "datetime": {"datetime": "2021-04-26 09:56:45", "elapsed": 1402.550019, "delta": 328.717457}}
{"target": 490.0, "params": {"B": 2.002492474607789, "R": 0.033720352885192}, "datetime": {"datetime": "2021-04-26 10:01:22", "elapsed": 3321.731338, "delta": 276.883542}}
{"target": 490.0, "params": {"B": 2.002492474607789, "R": 0.033720352885192}, "datetime": {"datetime": "2021-04-26 10:01:22", "elapsed": 1679.434801, "delta": 276.884782}}
{"target": 385.0, "params": {"B": 3.5805589919536236, "R": 0.04951959647371428}, "datetime": {"datetime": "2021-04-26 10:06:45", "elapsed": 3644.51813, "delta": 322.786792}}
{"target": 385.0, "params": {"B": 3.5805589919536236, "R": 0.04951959647371428}, "datetime": {"datetime": "2021-04-26 10:06:45", "elapsed": 2002.220215, "delta": 322.785414}}
{"target": 305.0, "params": {"B": 3.6652566207736954, "R": 0.07367749306693401}, "datetime": {"datetime": "2021-04-26 10:11:53", "elapsed": 3953.110339, "delta": 308.592209}}
{"target": 305.0, "params": {"B": 3.6652566207736954, "R": 0.07367749306693401}, "datetime": {"datetime": "2021-04-26 10:11:53", "elapsed": 2310.812421, "delta": 308.592206}}
{"target": 405.0, "params": {"B": 5.550788124226035, "R": 0.044775304936335796}, "datetime": {"datetime": "2021-04-26 10:16:23", "elapsed": 4222.51281, "delta": 269.402471}}
{"target": 405.0, "params": {"B": 5.550788124226035, "R": 0.044775304936335796}, "datetime": {"datetime": "2021-04-26 10:16:23", "elapsed": 2580.214893, "delta": 269.402472}}
{"target": 510.0, "params": {"B": 3.7291766759636125, "R": 0.03526676013653492}, "datetime": {"datetime": "2021-04-26 10:21:11", "elapsed": 4511.028026, "delta": 288.515216}}
{"target": 510.0, "params": {"B": 3.7291766759636125, "R": 0.03526676013653492}, "datetime": {"datetime": "2021-04-26 10:21:11", "elapsed": 2868.731449, "delta": 288.516556}}
{"target": 405.0, "params": {"B": 2.000460886152449, "R": 0.029634833761575947}, "datetime": {"datetime": "2021-04-26 10:26:15", "elapsed": 4814.972814, "delta": 303.944788}}
{"target": 405.0, "params": {"B": 2.000460886152449, "R": 0.029634833761575947}, "datetime": {"datetime": "2021-04-26 10:26:15", "elapsed": 3172.676221, "delta": 303.944772}}
{"target": 405.0, "params": {"B": 4.212805245162243, "R": 0.07023461512537414}, "datetime": {"datetime": "2021-04-26 10:30:25", "elapsed": 5064.741679, "delta": 249.768865}}
{"target": 405.0, "params": {"B": 4.212805245162243, "R": 0.07023461512537414}, "datetime": {"datetime": "2021-04-26 10:30:25", "elapsed": 3422.444946, "delta": 249.768725}}
{"target": 395.0, "params": {"B": 2.5937793791326413, "R": 0.04072769987617855}, "datetime": {"datetime": "2021-04-26 10:34:35", "elapsed": 5314.935808, "delta": 250.194129}}
{"target": 395.0, "params": {"B": 2.5937793791326413, "R": 0.04072769987617855}, "datetime": {"datetime": "2021-04-26 10:34:35", "elapsed": 3672.63791, "delta": 250.192964}}
{"target": 500.0, "params": {"B": 2.267229625365144, "R": 0.053475258234546505}, "datetime": {"datetime": "2021-04-26 10:38:34", "elapsed": 5553.462977, "delta": 238.527169}}
{"target": 500.0, "params": {"B": 2.267229625365144, "R": 0.053475258234546505}, "datetime": {"datetime": "2021-04-26 10:38:34", "elapsed": 3911.166826, "delta": 238.528916}}
{"target": 580.0, "params": {"B": 3.356795540623333, "R": 0.0275619041172505}, "datetime": {"datetime": "2021-04-26 10:42:00", "elapsed": 5759.576848, "delta": 206.113871}}
{"target": 580.0, "params": {"B": 3.356795540623333, "R": 0.0275619041172505}, "datetime": {"datetime": "2021-04-26 10:42:00", "elapsed": 4117.332914, "delta": 206.166088}}
{"target": 530.0, "params": {"B": 2.763770796699073, "R": 0.06737840291949136}, "datetime": {"datetime": "2021-04-26 10:45:56", "elapsed": 5996.244027, "delta": 236.667179}}
{"target": 530.0, "params": {"B": 2.763770796699073, "R": 0.06737840291949136}, "datetime": {"datetime": "2021-04-26 10:45:56", "elapsed": 4353.947477, "delta": 236.614563}}
{"target": 415.0, "params": {"B": 5.639090474482554, "R": 0.0416651551082393}, "datetime": {"datetime": "2021-04-26 10:49:37", "elapsed": 6216.815861, "delta": 220.571834}}
{"target": 415.0, "params": {"B": 5.639090474482554, "R": 0.0416651551082393}, "datetime": {"datetime": "2021-04-26 10:49:37", "elapsed": 4574.519477, "delta": 220.572}}
{"target": 530.0, "params": {"B": 2.6723056798655076, "R": 0.06844201571474931}, "datetime": {"datetime": "2021-04-26 10:53:31", "elapsed": 6450.62888, "delta": 233.813019}}
{"target": 530.0, "params": {"B": 2.6723056798655076, "R": 0.06844201571474931}, "datetime": {"datetime": "2021-04-26 10:53:31", "elapsed": 4808.332178, "delta": 233.812701}}
{"target": 420.0, "params": {"B": 4.868024715259268, "R": 0.04004977767168094}, "datetime": {"datetime": "2021-04-26 10:58:15", "elapsed": 6734.625304, "delta": 283.996424}}
{"target": 420.0, "params": {"B": 4.868024715259268, "R": 0.04004977767168094}, "datetime": {"datetime": "2021-04-26 10:58:15", "elapsed": 5092.328628, "delta": 283.99645}}
{"target": 515.0, "params": {"B": 2.318945744460445, "R": 0.06275317687564616}, "datetime": {"datetime": "2021-04-26 11:03:30", "elapsed": 7050.330604, "delta": 315.7053}}
{"target": 515.0, "params": {"B": 2.318945744460445, "R": 0.06275317687564616}, "datetime": {"datetime": "2021-04-26 11:03:30", "elapsed": 5408.034036, "delta": 315.705408}}
{"target": 460.0, "params": {"B": 2.0439623771022846, "R": 0.03755042772440556}, "datetime": {"datetime": "2021-04-26 11:17:00", "elapsed": 7859.98958, "delta": 809.658976}}
{"target": 460.0, "params": {"B": 2.0439623771022846, "R": 0.03755042772440556}, "datetime": {"datetime": "2021-04-26 11:17:00", "elapsed": 6217.691888, "delta": 809.657852}}
{"target": 500.0, "params": {"B": 2.877934437284577, "R": 0.08329934134650482}, "datetime": {"datetime": "2021-04-26 11:35:56", "elapsed": 8996.426039, "delta": 1136.436459}}
{"target": 500.0, "params": {"B": 2.877934437284577, "R": 0.08329934134650482}, "datetime": {"datetime": "2021-04-26 11:35:56", "elapsed": 7354.128186, "delta": 1136.436298}}
{"target": 595.0, "params": {"B": 4.041379721082987, "R": 0.07787717292821568}, "datetime": {"datetime": "2021-04-26 11:43:01", "elapsed": 9421.109423, "delta": 424.683384}}
{"target": 595.0, "params": {"B": 4.041379721082987, "R": 0.07787717292821568}, "datetime": {"datetime": "2021-04-26 11:43:01", "elapsed": 7778.812794, "delta": 424.684608}}
{"target": 375.0, "params": {"B": 5.376406778271342, "R": 0.06101106964292503}, "datetime": {"datetime": "2021-04-26 11:47:05", "elapsed": 9665.128411, "delta": 244.018988}}
{"target": 375.0, "params": {"B": 5.376406778271342, "R": 0.06101106964292503}, "datetime": {"datetime": "2021-04-26 11:47:05", "elapsed": 8022.830942, "delta": 244.018148}}
{"target": 565.0, "params": {"B": 5.166007406856261, "R": 0.07687859616066876}, "datetime": {"datetime": "2021-04-26 11:51:36", "elapsed": 9936.339943, "delta": 271.211532}}
{"target": 565.0, "params": {"B": 5.166007406856261, "R": 0.07687859616066876}, "datetime": {"datetime": "2021-04-26 11:51:36", "elapsed": 8294.042059, "delta": 271.211117}}
{"target": 430.0, "params": {"B": 2.0413719341616927, "R": 0.03656219396217024}, "datetime": {"datetime": "2021-04-26 11:57:14", "elapsed": 10274.098032, "delta": 337.758089}}
{"target": 430.0, "params": {"B": 2.0413719341616927, "R": 0.03656219396217024}, "datetime": {"datetime": "2021-04-26 11:57:14", "elapsed": 8631.801465, "delta": 337.759406}}
{"target": 430.0, "params": {"B": 3.84576999302827, "R": 0.04884919151156314}, "datetime": {"datetime": "2021-04-26 12:01:33", "elapsed": 10533.21882, "delta": 259.120788}}
{"target": 430.0, "params": {"B": 3.84576999302827, "R": 0.04884919151156314}, "datetime": {"datetime": "2021-04-26 12:01:33", "elapsed": 8890.920928, "delta": 259.119463}}
{"target": 350.0, "params": {"B": 3.9777152632326676, "R": 0.009217176258704432}, "datetime": {"datetime": "2021-04-26 12:05:34", "elapsed": 10774.330389, "delta": 241.111569}}
{"target": 350.0, "params": {"B": 3.9777152632326676, "R": 0.009217176258704432}, "datetime": {"datetime": "2021-04-26 12:05:34", "elapsed": 9132.032503, "delta": 241.111575}}
{"target": 285.0, "params": {"B": 3.257352922693584, "R": 0.02152365805793293}, "datetime": {"datetime": "2021-04-26 12:09:59", "elapsed": 11038.95791, "delta": 264.627521}}
{"target": 285.0, "params": {"B": 3.257352922693584, "R": 0.02152365805793293}, "datetime": {"datetime": "2021-04-26 12:09:59", "elapsed": 9396.661361, "delta": 264.628858}}
{"target": 365.0, "params": {"B": 5.521353874778086, "R": 0.013298229930716783}, "datetime": {"datetime": "2021-04-26 12:13:08", "elapsed": 11228.440965, "delta": 189.483055}}
{"target": 365.0, "params": {"B": 5.521353874778086, "R": 0.013298229930716783}, "datetime": {"datetime": "2021-04-26 12:13:08", "elapsed": 9586.143082, "delta": 189.481721}}
{"target": 335.0, "params": {"B": 2.092775282664929, "R": 0.00285878392389954}, "datetime": {"datetime": "2021-04-26 12:17:09", "elapsed": 11469.336483, "delta": 240.895518}}
{"target": 335.0, "params": {"B": 2.092775282664929, "R": 0.00285878392389954}, "datetime": {"datetime": "2021-04-26 12:17:09", "elapsed": 9827.038598, "delta": 240.895516}}
{"target": 315.0, "params": {"B": 2.249165529955202, "R": 0.03902920077700614}, "datetime": {"datetime": "2021-04-26 12:21:22", "elapsed": 11721.951155, "delta": 252.614672}}
{"target": 315.0, "params": {"B": 2.249165529955202, "R": 0.03902920077700614}, "datetime": {"datetime": "2021-04-26 12:21:22", "elapsed": 10079.653278, "delta": 252.61468}}
{"target": 465.0, "params": {"B": 4.954651075606156, "R": 0.029884069453926163}, "datetime": {"datetime": "2021-04-26 12:25:57", "elapsed": 11996.796384, "delta": 274.845229}}
{"target": 465.0, "params": {"B": 4.954651075606156, "R": 0.029884069453926163}, "datetime": {"datetime": "2021-04-26 12:25:57", "elapsed": 10354.498513, "delta": 274.845235}}
{"target": 520.0, "params": {"B": 4.663480557811038, "R": 0.09458420899792996}, "datetime": {"datetime": "2021-04-26 12:29:36", "elapsed": 12216.182755, "delta": 219.386371}}
{"target": 520.0, "params": {"B": 4.663480557811038, "R": 0.09458420899792996}, "datetime": {"datetime": "2021-04-26 12:29:36", "elapsed": 10573.884894, "delta": 219.386381}}
{"target": 465.0, "params": {"B": 5.202978274702147, "R": 0.09682933141436782}, "datetime": {"datetime": "2021-04-26 15:47:04", "elapsed": 24063.777354, "delta": 11847.594599}}
{"target": 465.0, "params": {"B": 5.202978274702147, "R": 0.09682933141436782}, "datetime": {"datetime": "2021-04-26 15:47:04", "elapsed": 22421.481775, "delta": 11847.596881}}
{"target": 440.0, "params": {"B": 3.2536967126369714, "R": 0.06926302930536449}, "datetime": {"datetime": "2021-04-26 15:51:27", "elapsed": 24327.421855, "delta": 263.644501}}
{"target": 440.0, "params": {"B": 3.2536967126369714, "R": 0.06926302930536449}, "datetime": {"datetime": "2021-04-26 15:51:27", "elapsed": 22685.123999, "delta": 263.642224}}
{"target": 490.0, "params": {"B": 5.505556609184153, "R": 0.08947120568403436}, "datetime": {"datetime": "2021-04-26 15:55:54", "elapsed": 24594.401794, "delta": 266.979939}}
{"target": 490.0, "params": {"B": 5.505556609184153, "R": 0.08947120568403436}, "datetime": {"datetime": "2021-04-26 15:55:54", "elapsed": 22952.105201, "delta": 266.981202}}
{"target": 485.0, "params": {"B": 2.3401768454791116, "R": 0.004001572844964948}, "datetime": {"datetime": "2021-04-26 16:00:09", "elapsed": 24848.681036, "delta": 254.279242}}
{"target": 485.0, "params": {"B": 2.3401768454791116, "R": 0.004001572844964948}, "datetime": {"datetime": "2021-04-26 16:00:09", "elapsed": 23206.384352, "delta": 254.279151}}
{"target": 545.0, "params": {"B": 2.6793216782582756, "R": 0.08782643609259838}, "datetime": {"datetime": "2021-04-26 16:04:16", "elapsed": 25095.687241, "delta": 247.006205}}
{"target": 545.0, "params": {"B": 2.6793216782582756, "R": 0.08782643609259838}, "datetime": {"datetime": "2021-04-26 16:04:16", "elapsed": 23453.389392, "delta": 247.00504}}
{"target": 495.0, "params": {"B": 2.3933873353322004, "R": 0.042168651738004714}, "datetime": {"datetime": "2021-04-26 16:08:22", "elapsed": 25341.892909, "delta": 246.205668}}
{"target": 495.0, "params": {"B": 2.3933873353322004, "R": 0.042168651738004714}, "datetime": {"datetime": "2021-04-26 16:08:22", "elapsed": 23699.597814, "delta": 246.208422}}
{"target": 430.0, "params": {"B": 5.831558120602008, "R": 0.05336321196880441}, "datetime": {"datetime": "2021-04-26 16:13:40", "elapsed": 25659.581327, "delta": 317.688418}}
{"target": 430.0, "params": {"B": 5.831558120602008, "R": 0.05336321196880441}, "datetime": {"datetime": "2021-04-26 16:13:40", "elapsed": 24017.283488, "delta": 317.685674}}
{"target": 560.0, "params": {"B": 4.767508455801893, "R": 0.03162001153750569}, "datetime": {"datetime": "2021-04-26 16:19:11", "elapsed": 25991.241915, "delta": 331.660588}}
{"target": 560.0, "params": {"B": 4.767508455801893, "R": 0.03162001153750569}, "datetime": {"datetime": "2021-04-26 16:19:11", "elapsed": 24348.945599, "delta": 331.662111}}
{"target": 535.0, "params": {"B": 4.746003710726335, "R": 0.08347910462254755}, "datetime": {"datetime": "2021-04-26 16:23:33", "elapsed": 26252.840912, "delta": 261.598997}}
{"target": 535.0, "params": {"B": 4.746003710726335, "R": 0.08347910462254755}, "datetime": {"datetime": "2021-04-26 16:23:33", "elapsed": 24610.544383, "delta": 261.598784}}
{"target": 540.0, "params": {"B": 2.0731531093767672, "R": 0.07503941706300225}, "datetime": {"datetime": "2021-04-26 16:27:35", "elapsed": 26495.407414, "delta": 242.566502}}
{"target": 540.0, "params": {"B": 2.0731531093767672, "R": 0.07503941706300225}, "datetime": {"datetime": "2021-04-26 16:27:35", "elapsed": 24853.111035, "delta": 242.566652}}
{"target": 395.0, "params": {"B": 2.889612634320645, "R": 0.08814675617415066}, "datetime": {"datetime": "2021-04-26 16:32:24", "elapsed": 26783.785896, "delta": 288.378482}}
{"target": 395.0, "params": {"B": 2.889612634320645, "R": 0.08814675617415066}, "datetime": {"datetime": "2021-04-26 16:32:24", "elapsed": 25141.489389, "delta": 288.378354}}
{"target": 500.0, "params": {"B": 2.339815496777841, "R": 0.06481015498118452}, "datetime": {"datetime": "2021-04-26 16:37:31", "elapsed": 27090.675479, "delta": 306.889583}}
{"target": 500.0, "params": {"B": 2.339815496777841, "R": 0.06481015498118452}, "datetime": {"datetime": "2021-04-26 16:37:31", "elapsed": 25448.380545, "delta": 306.891156}}
{"target": 575.0, "params": {"B": 5.580907965187646, "R": 0.04709177889050203}, "datetime": {"datetime": "2021-04-26 16:42:10", "elapsed": 27369.671214, "delta": 278.995735}}
{"target": 575.0, "params": {"B": 5.580907965187646, "R": 0.04709177889050203}, "datetime": {"datetime": "2021-04-26 16:42:10", "elapsed": 25727.374585, "delta": 278.99404}}
{"target": 375.0, "params": {"B": 3.7286824583498555, "R": 0.08656159819941012}, "datetime": {"datetime": "2021-04-26 16:46:02", "elapsed": 27601.557005, "delta": 231.885791}}
{"target": 375.0, "params": {"B": 3.7286824583498555, "R": 0.08656159819941012}, "datetime": {"datetime": "2021-04-26 16:46:02", "elapsed": 25959.260513, "delta": 231.885928}}
{"target": 355.0, "params": {"B": 2.1116081221777483, "R": 0.013906687212378586}, "datetime": {"datetime": "2021-04-26 16:50:40", "elapsed": 27880.082138, "delta": 278.525133}}
{"target": 355.0, "params": {"B": 2.1116081221777483, "R": 0.013906687212378586}, "datetime": {"datetime": "2021-04-26 16:50:40", "elapsed": 26237.784358, "delta": 278.523845}}
{"target": 480.0, "params": {"B": 5.70386122211222, "R": 0.0457150413159584}, "datetime": {"datetime": "2021-04-26 16:54:43", "elapsed": 28122.833629, "delta": 242.751491}}
{"target": 480.0, "params": {"B": 5.70386122211222, "R": 0.0457150413159584}, "datetime": {"datetime": "2021-04-26 16:54:43", "elapsed": 26480.535864, "delta": 242.751506}}
{"target": 355.0, "params": {"B": 5.52931132132878, "R": 0.0840429956838814}, "datetime": {"datetime": "2021-04-26 16:58:38", "elapsed": 28357.991892, "delta": 235.158263}}
{"target": 355.0, "params": {"B": 5.52931132132878, "R": 0.0840429956838814}, "datetime": {"datetime": "2021-04-26 16:58:38", "elapsed": 26715.694088, "delta": 235.158224}}
{"target": 385.0, "params": {"B": 4.44479357587402, "R": 0.08092073697092388}, "datetime": {"datetime": "2021-04-26 18:51:10", "elapsed": 35109.467979, "delta": 6751.476087}}
{"target": 385.0, "params": {"B": 4.44479357587402, "R": 0.08092073697092388}, "datetime": {"datetime": "2021-04-26 18:51:10", "elapsed": 33467.17268, "delta": 6751.478592}}
{"target": 460.0, "params": {"B": 2.2505310127842395, "R": 0.052787900465871895}, "datetime": {"datetime": "2021-04-26 18:55:58", "elapsed": 35397.962789, "delta": 288.49481}}
{"target": 460.0, "params": {"B": 2.2505310127842395, "R": 0.052787900465871895}, "datetime": {"datetime": "2021-04-26 18:55:58", "elapsed": 33755.666356, "delta": 288.493676}}
{"target": 370.0, "params": {"B": 3.3731121713817402, "R": 0.06396450088614337}, "datetime": {"datetime": "2021-04-26 19:01:46", "elapsed": 35745.751888, "delta": 347.789099}}
{"target": 370.0, "params": {"B": 3.3731121713817402, "R": 0.06396450088614337}, "datetime": {"datetime": "2021-04-26 19:01:46", "elapsed": 34103.455208, "delta": 347.788852}}
{"target": 355.0, "params": {"B": 4.908870397516438, "R": 0.024222695516301355}, "datetime": {"datetime": "2021-04-26 19:06:01", "elapsed": 36001.35725, "delta": 255.605362}}
{"target": 355.0, "params": {"B": 4.908870397516438, "R": 0.024222695516301355}, "datetime": {"datetime": "2021-04-26 19:06:01", "elapsed": 34359.059404, "delta": 255.604196}}
{"target": 375.0, "params": {"B": 5.005952733888176, "R": 0.08589061316399414}, "datetime": {"datetime": "2021-04-26 19:10:52", "elapsed": 36292.308293, "delta": 290.951043}}
{"target": 375.0, "params": {"B": 5.005952733888176, "R": 0.08589061316399414}, "datetime": {"datetime": "2021-04-26 19:10:52", "elapsed": 34650.010537, "delta": 290.951133}}
{"target": 460.0, "params": {"B": 2.63462906167472, "R": 0.06700569164560434}, "datetime": {"datetime": "2021-04-26 19:15:21", "elapsed": 36560.919701, "delta": 268.611408}}
{"target": 460.0, "params": {"B": 2.63462906167472, "R": 0.06700569164560434}, "datetime": {"datetime": "2021-04-26 19:15:21", "elapsed": 34918.621949, "delta": 268.611412}}
{"target": 465.0, "params": {"B": 3.1702914046634674, "R": 0.09978105065034978}, "datetime": {"datetime": "2021-04-26 19:19:27", "elapsed": 36807.352954, "delta": 246.433253}}
{"target": 465.0, "params": {"B": 3.1702914046634674, "R": 0.09978105065034978}, "datetime": {"datetime": "2021-04-26 19:19:27", "elapsed": 35165.055197, "delta": 246.433248}}
{"target": 530.0, "params": {"B": 5.832956803486516, "R": 0.04006359717131344}, "datetime": {"datetime": "2021-04-26 19:23:37", "elapsed": 37057.342852, "delta": 249.989898}}
{"target": 530.0, "params": {"B": 5.832956803486516, "R": 0.04006359717131344}, "datetime": {"datetime": "2021-04-26 19:23:37", "elapsed": 35415.045057, "delta": 249.98986}}
{"target": 320.0, "params": {"B": 2.5251122614526067, "R": 0.08640904692502319}, "datetime": {"datetime": "2021-04-26 19:28:48", "elapsed": 37367.787956, "delta": 310.445104}}
{"target": 320.0, "params": {"B": 2.5251122614526067, "R": 0.08640904692502319}, "datetime": {"datetime": "2021-04-26 19:28:48", "elapsed": 35725.490738, "delta": 310.445681}}
{"target": 405.0, "params": {"B": 4.756000366273993, "R": 0.0017481976980984457}, "datetime": {"datetime": "2021-04-26 19:33:52", "elapsed": 37671.752617, "delta": 303.964661}}
{"target": 405.0, "params": {"B": 4.756000366273993, "R": 0.0017481976980984457}, "datetime": {"datetime": "2021-04-26 19:33:52", "elapsed": 36029.454845, "delta": 303.964107}}
{"target": 580.0, "params": {"B": 4.696253460611956, "R": 0.09637651202422368}, "datetime": {"datetime": "2021-04-26 19:38:11", "elapsed": 37931.296232, "delta": 259.543615}}
