{"target": 580.0, "params": {"B": 4.696253460611956, "R": 0.09637651202422368}, "datetime": {"datetime": "2021-04-26 19:38:11", "elapsed": 36288.998433, "delta": 259.543588}}
{"target": 485.0, "params": {"B": 2.775948305973117, "R": 0.01871105211420859}, "datetime": {"datetime": "2021-04-26 19:42:04", "elapsed": 38164.329252, "delta": 233.03302}}
{"target": 485.0, "params": {"B": 2.775948305973117, "R": 0.01871105211420859}, "datetime": {"datetime": "2021-04-26 19:42:04", "elapsed": 36522.031433, "delta": 233.033}}
{"target": 475.0, "params": {"B": 4.248917235689589, "R": 0.03286132013648808}, "datetime": {"datetime": "2021-04-26 19:45:59", "elapsed": 38399.108955, "delta": 234.779703}}
{"target": 475.0, "params": {"B": 4.248917235689589, "R": 0.03286132013648808}, "datetime": {"datetime": "2021-04-26 19:45:59", "elapsed": 36756.811179, "delta": 234.779746}}
{"target": 465.0, "params": {"B": 5.106084018514123, "R": 0.019705029333330966}, "datetime": {"datetime": "2021-04-26 19:50:21", "elapsed": 38661.366071, "delta": 262.257116}}
{"target": 465.0, "params": {"B": 5.106084018514123, "R": 0.019705029333330966}, "datetime": {"datetime": "2021-04-26 19:50:21", "elapsed": 37019.069539, "delta": 262.25836}}
{"target": 455.0, "params": {"B": 5.505451987066207, "R": 0.08939591030792336}, "datetime": {"datetime": "2021-04-26 19:54:37", "elapsed": 38917.297877, "delta": 255.931806}}
{"target": 455.0, "params": {"B": 5.505451987066207, "R": 0.08939591030792336}, "datetime": {"datetime": "2021-04-26 19:54:37", "elapsed": 37275.00104, "delta": 255.931501}}
{"target": 550.0, "params": {"B": 4.745520282765108, "R": 0.08255449797132171}, "datetime": {"datetime": "2021-04-26 19:59:08", "elapsed": 39188.269742, "delta": 270.971865}}
{"target": 550.0, "params": {"B": 4.745520282765108, "R": 0.08255449797132171}, "datetime": {"datetime": "2021-04-26 19:59:08", "elapsed": 37545.97324, "delta": 270.9722}}
{"target": 420.0, "params": {"B": 4.74570262560474, "R": 0.08307394087326811}, "datetime": {"datetime": "2021-04-26 20:03:21", "elapsed": 39441.323544, "delta": 253.053802}}
{"target": 420.0, "params": {"B": 4.74570262560474, "R": 0.08307394087326811}, "datetime": {"datetime": "2021-04-26 20:03:21", "elapsed": 37799.027339, "delta": 253.054099}}
{"target": 590.0, "params": {"B": 4.040995315916254, "R": 0.07832879142581389}, "datetime": {"datetime": "2021-04-26 20:07:57", "elapsed": 39716.648754, "delta": 275.32521}}
{"target": 590.0, "params": {"B": 4.040995315916254, "R": 0.07832879142581389}, "datetime": {"datetime": "2021-04-26 20:07:57", "elapsed": 38074.352735, "delta": 275.325396}}
{"target": 560.0, "params": {"B": 4.767303424709038, "R": 0.031248969699275226}, "datetime": {"datetime": "2021-04-26 20:14:01", "elapsed": 40081.202731, "delta": 364.553977}}
{"target": 560.0, "params": {"B": 4.767303424709038, "R": 0.031248969699275226}, "datetime": {"datetime": "2021-04-26 20:14:01", "elapsed": 38438.906354, "delta": 364.553619}}
{"target": 365.0, "params": {"B": 5.068612482093909, "R": 0.06734851902042824}, "datetime": {"datetime": "2021-04-26 20:18:40", "elapsed": 40359.949047, "delta": 278.746316}}
{"target": 365.0, "params": {"B": 5.068612482093909, "R": 0.06734851902042824}, "datetime": {"datetime": "2021-04-26 20:18:40", "elapsed": 38717.651306, "delta": 278.744952}}
{"target": 575.0, "params": {"B": 4.041328995918649, "R": 0.07876695247752893}, "datetime": {"datetime": "2021-04-26 20:22:29", "elapsed": 40588.682444, "delta": 228.733397}}
{"target": 575.0, "params": {"B": 4.041328995918649, "R": 0.07876695247752893}, "datetime": {"datetime": "2021-04-26 20:22:29", "elapsed": 38946.384788, "delta": 228.733482}}
{"target": 505.0, "params": {"B": 5.000359266468085, "R": 0.016354901401061293}, "datetime": {"datetime": "2021-04-26 20:26:57", "elapsed": 40856.616452, "delta": 267.934008}}
{"target": 505.0, "params": {"B": 5.000359266468085, "R": 0.016354901401061293}, "datetime": {"datetime": "2021-04-26 20:26:57", "elapsed": 39214.31867, "delta": 267.933882}}
{"target": 505.0, "params": {"B": 3.6681244453622774, "R": 0.07209156510600416}, "datetime": {"datetime": "2021-04-26 20:31:00", "elapsed": 41099.743258, "delta": 243.126806}}
{"target": 505.0, "params": {"B": 3.6681244453622774, "R": 0.07209156510600416}, "datetime": {"datetime": "2021-04-26 20:31:00", "elapsed": 39457.445447, "delta": 243.126777}}
{"target": 470.0, "params": {"B": 2.3403269126309607, "R": 0.06456733363694589}, "datetime": {"datetime": "2021-04-26 20:34:44", "elapsed": 41323.954965, "delta": 224.211707}}
{"target": 470.0, "params": {"B": 2.3403269126309607, "R": 0.06456733363694589}, "datetime": {"datetime": "2021-04-26 20:34:44", "elapsed": 39681.657177, "delta": 224.21173}}
{"target": 385.0, "params": {"B": 5.581507155230683, "R": 0.04776018456107922}, "datetime": {"datetime": "2021-04-26 20:39:57", "elapsed": 41636.531311, "delta": 312.576346}}
{"target": 385.0, "params": {"B": 5.581507155230683, "R": 0.04776018456107922}, "datetime": {"datetime": "2021-04-26 20:39:57", "elapsed": 39994.235173, "delta": 312.577996}}
{"target": 405.0, "params": {"B": 2.6795053873025108, "R": 0.0883627982923367}, "datetime": {"datetime": "2021-04-26 20:43:54", "elapsed": 41874.075531, "delta": 237.54422}}
{"target": 405.0, "params": {"B": 2.6795053873025108, "R": 0.0883627982923367}, "datetime": {"datetime": "2021-04-26 20:43:54", "elapsed": 40231.777762, "delta": 237.542589}}
{"target": 400.0, "params": {"B": 2.3399318571309404, "R": 0.0033375877972125936}, "datetime": {"datetime": "2021-04-26 20:47:57", "elapsed": 42116.917302, "delta": 242.841771}}
{"target": 400.0, "params": {"B": 2.3399318571309404, "R": 0.0033375877972125936}, "datetime": {"datetime": "2021-04-26 20:47:57", "elapsed": 40474.619585, "delta": 242.841823}}
{"target": 430.0, "params": {"B": 5.833185938837188, "R": 0.0398846430827274}, "datetime": {"datetime": "2021-04-26 20:52:06", "elapsed": 42365.505783, "delta": 248.588481}}
{"target": 430.0, "params": {"B": 5.833185938837188, "R": 0.0398846430827274}, "datetime": {"datetime": "2021-04-26 20:52:06", "elapsed": 40723.208008, "delta": 248.588423}}
{"target": 480.0, "params": {"B": 3.730050945490989, "R": 0.035410709387423245}, "datetime": {"datetime": "2021-04-26 20:56:15", "elapsed": 42614.929301, "delta": 249.423518}}
{"target": 480.0, "params": {"B": 3.730050945490989, "R": 0.035410709387423245}, "datetime": {"datetime": "2021-04-26 20:56:15", "elapsed": 40972.631569, "delta": 249.423561}}
{"target": 480.0, "params": {"B": 4.696076748793892, "R": 0.09676693150567134}, "datetime": {"datetime": "2021-04-26 21:00:15", "elapsed": 42854.73417, "delta": 239.804869}}
{"target": 480.0, "params": {"B": 4.696076748793892, "R": 0.09676693150567134}, "datetime": {"datetime": "2021-04-26 21:00:15", "elapsed": 41212.436446, "delta": 239.804877}}
{"target": 420.0, "params": {"B": 2.318611863549087, "R": 0.06307785740497336}, "datetime": {"datetime": "2021-04-26 21:04:53", "elapsed": 43133.113571, "delta": 278.379401}}
{"target": 420.0, "params": {"B": 2.318611863549087, "R": 0.06307785740497336}, "datetime": {"datetime": "2021-04-26 21:04:53", "elapsed": 41490.815924, "delta": 278.379478}}
{"target": 535.0, "params": {"B": 4.042276129154709, "R": 0.07807416246111488}, "datetime": {"datetime": "2021-04-26 21:09:01", "elapsed": 43380.776239, "delta": 247.662668}}
{"target": 535.0, "params": {"B": 4.042276129154709, "R": 0.07807416246111488}, "datetime": {"datetime": "2021-04-26 21:09:01", "elapsed": 41738.478441, "delta": 247.662517}}
{"target": 380.0, "params": {"B": 3.6680563061696256, "R": 0.07179534587436204}, "datetime": {"datetime": "2021-04-26 21:13:01", "elapsed": 43620.462314, "delta": 239.686075}}
{"target": 380.0, "params": {"B": 3.6680563061696256, "R": 0.07179534587436204}, "datetime": {"datetime": "2021-04-26 21:13:01", "elapsed": 41978.165948, "delta": 239.687507}}
{"target": 540.0, "params": {"B": 5.703760215163831, "R": 0.04544174055692572}, "datetime": {"datetime": "2021-04-26 21:17:29", "elapsed": 43888.542713, "delta": 268.080399}}
{"target": 540.0, "params": {"B": 5.703760215163831, "R": 0.04544174055692572}, "datetime": {"datetime": "2021-04-26 21:17:29", "elapsed": 42246.24631, "delta": 268.080362}}
{"target": 365.0, "params": {"B": 5.000137295931115, "R": 0.015913019967545055}, "datetime": {"datetime": "2021-04-26 21:21:20", "elapsed": 44120.08957, "delta": 231.546857}}
{"target": 365.0, "params": {"B": 5.000137295931115, "R": 0.015913019967545055}, "datetime": {"datetime": "2021-04-26 21:21:20", "elapsed": 42477.79306, "delta": 231.54675}}
{"target": 565.0, "params": {"B": 4.042678956894909, "R": 0.0776937219403596}, "datetime": {"datetime": "2021-04-26 21:25:44", "elapsed": 44383.459242, "delta": 263.369672}}
{"target": 565.0, "params": {"B": 4.042678956894909, "R": 0.0776937219403596}, "datetime": {"datetime": "2021-04-26 21:25:44", "elapsed": 42741.162928, "delta": 263.369868}}
{"target": 470.0, "params": {"B": 4.9552680704725285, "R": 0.030355721623757645}, "datetime": {"datetime": "2021-04-26 21:29:40", "elapsed": 44619.523157, "delta": 236.063915}}
{"target": 470.0, "params": {"B": 4.9552680704725285, "R": 0.030355721623757645}, "datetime": {"datetime": "2021-04-26 21:29:40", "elapsed": 42977.226699, "delta": 236.063771}}
{"target": 555.0, "params": {"B": 2.0436707866586015, "R": 0.03807576353026623}, "datetime": {"datetime": "2021-04-26 21:34:01", "elapsed": 44880.534435, "delta": 261.011278}}
{"target": 555.0, "params": {"B": 2.0436707866586015, "R": 0.03807576353026623}, "datetime": {"datetime": "2021-04-26 21:34:01", "elapsed": 43238.236677, "delta": 261.009978}}
{"target": 480.0, "params": {"B": 2.0434975867473484, "R": 0.03777851588410179}, "datetime": {"datetime": "2021-04-26 21:38:59", "elapsed": 45179.184325, "delta": 298.64989}}
{"target": 480.0, "params": {"B": 2.0434975867473484, "R": 0.03777851588410179}, "datetime": {"datetime": "2021-04-26 21:38:59", "elapsed": 43536.888871, "delta": 298.652194}}
{"target": 350.0, "params": {"B": 5.703751461293773, "R": 0.04619185027764621}, "datetime": {"datetime": "2021-04-26 21:43:52", "elapsed": 45471.96341, "delta": 292.779085}}
{"target": 350.0, "params": {"B": 5.703751461293773, "R": 0.04619185027764621}, "datetime": {"datetime": "2021-04-26 21:43:52", "elapsed": 43829.665649, "delta": 292.776778}}
{"target": 420.0, "params": {"B": 4.6959913984071235, "R": 0.09649084606867105}, "datetime": {"datetime": "2021-04-26 21:47:14", "elapsed": 45673.602029, "delta": 201.638619}}
{"target": 420.0, "params": {"B": 4.6959913984071235, "R": 0.09649084606867105}, "datetime": {"datetime": "2021-04-26 21:47:14", "elapsed": 44031.304267, "delta": 201.638618}}
{"target": 465.0, "params": {"B": 2.073770717969672, "R": 0.07513730089317769}, "datetime": {"datetime": "2021-04-26 21:52:46", "elapsed": 46005.808864, "delta": 332.206835}}
{"target": 465.0, "params": {"B": 2.073770717969672, "R": 0.07513730089317769}, "datetime": {"datetime": "2021-04-26 21:52:46", "elapsed": 44363.5126, "delta": 332.208333}}
{"target": 350.0, "params": {"B": 2.26789869999234, "R": 0.05344958529365213}, "datetime": {"datetime": "2021-04-26 21:57:10", "elapsed": 46269.614514, "delta": 263.80565}}
{"target": 350.0, "params": {"B": 2.26789869999234, "R": 0.05344958529365213}, "datetime": {"datetime": "2021-04-26 21:57:10", "elapsed": 44627.317956, "delta": 263.805356}}
{"target": 665.0, "params": {"B": 3.5874219344796816, "R": 0.053985342345844636}, "datetime": {"datetime": "2021-04-26 22:01:07", "elapsed": 46507.442267, "delta": 237.827753}}
{"target": 665.0, "params": {"B": 3.5874219344796816, "R": 0.053985342345844636}, "datetime": {"datetime": "2021-04-26 22:01:07", "elapsed": 44865.144512, "delta": 237.826556}}
{"target": 375.0, "params": {"B": 4.767967895960239, "R": 0.031053595464795452}, "datetime": {"datetime": "2021-04-26 22:06:04", "elapsed": 46804.059072, "delta": 296.616805}}
{"target": 375.0, "params": {"B": 4.767967895960239, "R": 0.031053595464795452}, "datetime": {"datetime": "2021-04-26 22:06:04", "elapsed": 45161.762593, "delta": 296.618081}}
{"target": 525.0, "params": {"B": 2.044220554583571, "R": 0.03812001963697933}, "datetime": {"datetime": "2021-04-26 22:09:59", "elapsed": 47038.527003, "delta": 234.467931}}
{"target": 525.0, "params": {"B": 2.044220554583571, "R": 0.03812001963697933}, "datetime": {"datetime": "2021-04-26 22:09:59", "elapsed": 45396.229383, "delta": 234.46679}}
{"target": 460.0, "params": {"B": 5.832940876817746, "R": 0.040845367479528494}, "datetime": {"datetime": "2021-04-26 22:13:41", "elapsed": 47261.266973, "delta": 222.73997}}
{"target": 460.0, "params": {"B": 5.832940876817746, "R": 0.040845367479528494}, "datetime": {"datetime": "2021-04-26 22:13:41", "elapsed": 45618.969266, "delta": 222.739883}}
{"target": 605.0, "params": {"B": 4.24881348621771, "R": 0.03259474795318447}, "datetime": {"datetime": "2021-04-26 22:17:34", "elapsed": 47493.968793, "delta": 232.70182}}
{"target": 605.0, "params": {"B": 4.24881348621771, "R": 0.03259474795318447}, "datetime": {"datetime": "2021-04-26 22:17:34", "elapsed": 45851.671047, "delta": 232.701781}}
{"target": 410.0, "params": {"B": 3.669070020348502, "R": 0.05606936873471649}, "datetime": {"datetime": "2021-04-26 22:21:53", "elapsed": 47753.04524, "delta": 259.076447}}
{"target": 410.0, "params": {"B": 3.669070020348502, "R": 0.05606936873471649}, "datetime": {"datetime": "2021-04-26 22:21:53", "elapsed": 46110.7475, "delta": 259.076453}}
{"target": 525.0, "params": {"B": 3.667661483721373, "R": 0.07197774000441697}, "datetime": {"datetime": "2021-04-26 22:25:30", "elapsed": 47970.238177, "delta": 217.192937}}
{"target": 525.0, "params": {"B": 3.667661483721373, "R": 0.07197774000441697}, "datetime": {"datetime": "2021-04-26 22:25:30", "elapsed": 46327.9427, "delta": 217.1952}}
{"target": 545.0, "params": {"B": 4.76699591414914, "R": 0.03136621931511662}, "datetime": {"datetime": "2021-04-26 22:29:35", "elapsed": 48214.941689, "delta": 244.703512}}
{"target": 545.0, "params": {"B": 4.76699591414914, "R": 0.03136621931511662}, "datetime": {"datetime": "2021-04-26 22:29:35", "elapsed": 46572.646574, "delta": 244.703874}}
{"target": 490.0, "params": {"B": 4.662746995220493, "R": 0.09448198386242447}, "datetime": {"datetime": "2021-04-26 22:34:17", "elapsed": 48497.396698, "delta": 282.455009}}
{"target": 490.0, "params": {"B": 4.662746995220493, "R": 0.09448198386242447}, "datetime": {"datetime": "2021-04-26 22:34:17", "elapsed": 46855.100526, "delta": 282.453952}}
{"target": 685.0, "params": {"B": 3.586970275750389, "R": 0.05349278348484665}, "datetime": {"datetime": "2021-04-26 22:38:30", "elapsed": 48750.294771, "delta": 252.898073}}
{"target": 685.0, "params": {"B": 3.586970275750389, "R": 0.05349278348484665}, "datetime": {"datetime": "2021-04-26 22:38:30", "elapsed": 47107.998339, "delta": 252.897813}}
{"target": 275.0, "params": {"B": 5.0006039366507, "R": 0.016532357172058892}, "datetime": {"datetime": "2021-04-26 22:42:32", "elapsed": 48991.938756, "delta": 241.643985}}
{"target": 275.0, "params": {"B": 5.0006039366507, "R": 0.016532357172058892}, "datetime": {"datetime": "2021-04-26 22:42:32", "elapsed": 47349.643699, "delta": 241.64536}}
{"target": 535.0, "params": {"B": 2.0029198356387905, "R": 0.03431760527643805}, "datetime": {"datetime": "2021-04-26 22:46:43", "elapsed": 49243.071303, "delta": 251.132547}}
{"target": 535.0, "params": {"B": 2.0029198356387905, "R": 0.03431760527643805}, "datetime": {"datetime": "2021-04-26 22:46:43", "elapsed": 47600.773602, "delta": 251.129903}}
{"target": 280.0, "params": {"B": 2.3396507652361045, "R": 0.06528776318789588}, "datetime": {"datetime": "2021-04-26 22:51:09", "elapsed": 49509.180109, "delta": 266.108806}}
{"target": 280.0, "params": {"B": 2.3396507652361045, "R": 0.06528776318789588}, "datetime": {"datetime": "2021-04-26 22:51:09", "elapsed": 47866.8836, "delta": 266.109998}}
{"target": 565.0, "params": {"B": 2.0018725855186164, "R": 0.034238160680174955}, "datetime": {"datetime": "2021-04-26 22:55:18", "elapsed": 49757.692065, "delta": 248.511956}}
{"target": 565.0, "params": {"B": 2.0018725855186164, "R": 0.034238160680174955}, "datetime": {"datetime": "2021-04-26 22:55:18", "elapsed": 48115.395693, "delta": 248.512093}}
{"target": 385.0, "params": {"B": 3.357574478705846, "R": 0.02744381654892533}, "datetime": {"datetime": "2021-04-26 22:59:40", "elapsed": 50019.845914, "delta": 262.153849}}
{"target": 385.0, "params": {"B": 3.357574478705846, "R": 0.02744381654892533}, "datetime": {"datetime": "2021-04-26 22:59:40", "elapsed": 48377.548213, "delta": 262.15252}}
{"target": 540.0, "params": {"B": 4.249732998943022, "R": 0.03306953993855346}, "datetime": {"datetime": "2021-04-26 23:04:22", "elapsed": 50302.17479, "delta": 282.328876}}
{"target": 540.0, "params": {"B": 4.249732998943022, "R": 0.03306953993855346}, "datetime": {"datetime": "2021-04-26 23:04:22", "elapsed": 48659.878507, "delta": 282.330294}}
{"target": 340.0, "params": {"B": 4.248729715526977, "R": 0.03265800471026161}, "datetime": {"datetime": "2021-04-26 23:08:57", "elapsed": 50576.594013, "delta": 274.419223}}
{"target": 340.0, "params": {"B": 4.248729715526977, "R": 0.03265800471026161}, "datetime": {"datetime": "2021-04-26 23:08:57", "elapsed": 48934.297561, "delta": 274.419054}}
{"target": 495.0, "params": {"B": 4.745854632355819, "R": 0.08243989209474778}, "datetime": {"datetime": "2021-04-26 23:12:57", "elapsed": 50817.028106, "delta": 240.434093}}
{"target": 495.0, "params": {"B": 4.745854632355819, "R": 0.08243989209474778}, "datetime": {"datetime": "2021-04-26 23:12:57", "elapsed": 49174.73153, "delta": 240.433969}}
{"target": 435.0, "params": {"B": 2.671772665236967, "R": 0.06854291084794635}, "datetime": {"datetime": "2021-04-26 23:17:38", "elapsed": 51097.540286, "delta": 280.51218}}
{"target": 435.0, "params": {"B": 2.671772665236967, "R": 0.06854291084794635}, "datetime": {"datetime": "2021-04-26 23:17:38", "elapsed": 49455.243976, "delta": 280.512446}}
{"target": 570.0, "params": {"B": 3.170213808011171, "R": 0.09994761278195231}, "datetime": {"datetime": "2021-04-26 23:21:37", "elapsed": 51336.508728, "delta": 238.968442}}
{"target": 570.0, "params": {"B": 3.170213808011171, "R": 0.09994761278195231}, "datetime": {"datetime": "2021-04-26 23:21:37", "elapsed": 49694.21237, "delta": 238.968394}}
{"target": 485.0, "params": {"B": 4.249602824280444, "R": 0.033487033948732425}, "datetime": {"datetime": "2021-04-26 23:25:59", "elapsed": 51599.020357, "delta": 262.511629}}
{"target": 485.0, "params": {"B": 4.249602824280444, "R": 0.033487033948732425}, "datetime": {"datetime": "2021-04-26 23:25:59", "elapsed": 49956.72423, "delta": 262.51186}}
{"target": 405.0, "params": {"B": 3.085884655832077, "R": 0.03251899877456997}, "datetime": {"datetime": "2021-04-26 23:31:43", "elapsed": 51942.483791, "delta": 343.463434}}
{"target": 405.0, "params": {"B": 3.085884655832077, "R": 0.03251899877456997}, "datetime": {"datetime": "2021-04-26 23:31:43", "elapsed": 50300.188162, "delta": 343.463932}}
{"target": 345.0, "params": {"B": 2.775708950423736, "R": 0.018892743457604458}, "datetime": {"datetime": "2021-04-26 23:36:57", "elapsed": 52257.332335, "delta": 314.848544}}
{"target": 345.0, "params": {"B": 2.775708950423736, "R": 0.018892743457604458}, "datetime": {"datetime": "2021-04-26 23:36:57", "elapsed": 50615.034781, "delta": 314.846619}}
{"target": 305.0, "params": {"B": 5.3449867852776265, "R": 0.017864628435848778}, "datetime": {"datetime": "2021-04-26 23:41:22", "elapsed": 52521.946398, "delta": 264.614063}}
{"target": 305.0, "params": {"B": 5.3449867852776265, "R": 0.017864628435848778}, "datetime": {"datetime": "2021-04-26 23:41:22", "elapsed": 50879.651491, "delta": 264.61671}}
{"target": 440.0, "params": {"B": 3.73022226227098, "R": 0.03577867827985832}, "datetime": {"datetime": "2021-04-26 23:45:37", "elapsed": 52776.826016, "delta": 254.879618}}
{"target": 440.0, "params": {"B": 3.73022226227098, "R": 0.03577867827985832}, "datetime": {"datetime": "2021-04-26 23:45:37", "elapsed": 51134.529618, "delta": 254.878127}}
{"target": 420.0, "params": {"B": 3.5868385465539827, "R": 0.053220577041215696}, "datetime": {"datetime": "2021-04-26 23:49:42", "elapsed": 53022.277291, "delta": 245.451275}}
{"target": 420.0, "params": {"B": 3.5868385465539827, "R": 0.053220577041215696}, "datetime": {"datetime": "2021-04-26 23:49:42", "elapsed": 51379.980797, "delta": 245.451179}}
{"target": 335.0, "params": {"B": 2.188757898642982, "R": 0.005800483424647442}, "datetime": {"datetime": "2021-04-26 23:53:44", "elapsed": 53263.895032, "delta": 241.617741}}
{"target": 335.0, "params": {"B": 2.188757898642982, "R": 0.005800483424647442}, "datetime": {"datetime": "2021-04-26 23:53:44", "elapsed": 51621.597368, "delta": 241.616571}}
{"target": 440.0, "params": {"B": 3.7300024907007847, "R": 0.03562126036520186}, "datetime": {"datetime": "2021-04-26 23:58:03", "elapsed": 53522.948655, "delta": 259.053623}}
{"target": 440.0, "params": {"B": 3.7300024907007847, "R": 0.03562126036520186}, "datetime": {"datetime": "2021-04-26 23:58:03", "elapsed": 51880.652418, "delta": 259.05505}}
{"target": 555.0, "params": {"B": 2.003200021656966, "R": 0.033939976542692554}, "datetime": {"datetime": "2021-04-27 00:02:15", "elapsed": 53774.676655, "delta": 251.728}}
{"target": 555.0, "params": {"B": 2.003200021656966, "R": 0.033939976542692554}, "datetime": {"datetime": "2021-04-27 00:02:15", "elapsed": 52132.379444, "delta": 251.727026}}
{"target": 465.0, "params": {"B": 3.5869571852294566, "R": 0.05380995143295777}, "datetime": {"datetime": "2021-04-27 00:08:20", "elapsed": 54140.018769, "delta": 365.342114}}
{"target": 465.0, "params": {"B": 3.5869571852294566, "R": 0.05380995143295777}, "datetime": {"datetime": "2021-04-27 00:08:20", "elapsed": 52497.722753, "delta": 365.343309}}
