{"target": 525.0, "params": {"B": 4.779063386529892, "R": 0.061515594601060326}, "datetime": {"datetime": "2021-04-27 00:12:42", "elapsed": 54401.481785, "delta": 261.463016}}
{"target": 525.0, "params": {"B": 4.779063386529892, "R": 0.061515594601060326}, "datetime": {"datetime": "2021-04-27 00:12:42", "elapsed": 52759.185336, "delta": 261.462583}}
{"target": 555.0, "params": {"B": 3.5852823572483397, "R": 0.05319432152487052}, "datetime": {"datetime": "2021-04-27 00:17:28", "elapsed": 54688.348848, "delta": 286.867063}}
{"target": 555.0, "params": {"B": 3.5852823572483397, "R": 0.05319432152487052}, "datetime": {"datetime": "2021-04-27 00:17:28", "elapsed": 53046.052676, "delta": 286.86734}}
{"target": 330.0, "params": {"B": 2.49475720010454, "R": 0.013227712341106005}, "datetime": {"datetime": "2021-04-27 00:22:20", "elapsed": 54979.561176, "delta": 291.212328}}
{"target": 330.0, "params": {"B": 2.49475720010454, "R": 0.013227712341106005}, "datetime": {"datetime": "2021-04-27 00:22:20", "elapsed": 53337.264797, "delta": 291.212121}}
{"target": 515.0, "params": {"B": 3.7287194604891294, "R": 0.03559736774060408}, "datetime": {"datetime": "2021-04-27 00:27:24", "elapsed": 55283.581165, "delta": 304.019989}}
{"target": 515.0, "params": {"B": 3.7287194604891294, "R": 0.03559736774060408}, "datetime": {"datetime": "2021-04-27 00:27:24", "elapsed": 53641.283531, "delta": 304.018734}}
{"target": 520.0, "params": {"B": 3.3565250994823956, "R": 0.027610144638405273}, "datetime": {"datetime": "2021-04-27 00:31:56", "elapsed": 55555.493121, "delta": 271.911956}}
{"target": 520.0, "params": {"B": 3.3565250994823956, "R": 0.027610144638405273}, "datetime": {"datetime": "2021-04-27 00:31:56", "elapsed": 53913.195546, "delta": 271.912015}}
{"target": 430.0, "params": {"B": 2.339924807779233, "R": 0.06504097044718203}, "datetime": {"datetime": "2021-04-27 00:36:59", "elapsed": 55858.524357, "delta": 303.031236}}
{"target": 430.0, "params": {"B": 2.339924807779233, "R": 0.06504097044718203}, "datetime": {"datetime": "2021-04-27 00:36:59", "elapsed": 54216.226719, "delta": 303.031173}}
{"target": 535.0, "params": {"B": 3.435099943352727, "R": 0.09726553237791022}, "datetime": {"datetime": "2021-04-27 00:41:32", "elapsed": 56131.829715, "delta": 273.305358}}
{"target": 535.0, "params": {"B": 3.435099943352727, "R": 0.09726553237791022}, "datetime": {"datetime": "2021-04-27 00:41:32", "elapsed": 54489.533369, "delta": 273.30665}}
{"target": 290.0, "params": {"B": 4.2485919484100005, "R": 0.03199805998227967}, "datetime": {"datetime": "2021-04-27 00:45:49", "elapsed": 56389.208861, "delta": 257.379146}}
{"target": 290.0, "params": {"B": 4.2485919484100005, "R": 0.03199805998227967}, "datetime": {"datetime": "2021-04-27 00:45:49", "elapsed": 54746.912725, "delta": 257.379356}}
{"target": 410.0, "params": {"B": 3.355952670294354, "R": 0.02777231798998363}, "datetime": {"datetime": "2021-04-27 00:50:12", "elapsed": 56651.955354, "delta": 262.746493}}
{"target": 410.0, "params": {"B": 3.355952670294354, "R": 0.02777231798998363}, "datetime": {"datetime": "2021-04-27 00:50:12", "elapsed": 55009.657869, "delta": 262.745144}}
{"target": 295.0, "params": {"B": 4.766935737488639, "R": 0.030833823491029783}, "datetime": {"datetime": "2021-04-27 00:54:27", "elapsed": 56906.772638, "delta": 254.817284}}
{"target": 295.0, "params": {"B": 4.766935737488639, "R": 0.030833823491029783}, "datetime": {"datetime": "2021-04-27 00:54:27", "elapsed": 55264.474986, "delta": 254.817117}}
{"target": 530.0, "params": {"B": 2.266856476017634, "R": 0.05385117547349203}, "datetime": {"datetime": "2021-04-27 00:58:11", "elapsed": 57131.331934, "delta": 224.559296}}
{"target": 530.0, "params": {"B": 2.266856476017634, "R": 0.05385117547349203}, "datetime": {"datetime": "2021-04-27 00:58:11", "elapsed": 55489.034199, "delta": 224.559213}}
{"target": 325.0, "params": {"B": 3.435003222394001, "R": 0.0971663763085657}, "datetime": {"datetime": "2021-04-27 01:02:06", "elapsed": 57365.955029, "delta": 234.623095}}
{"target": 325.0, "params": {"B": 3.435003222394001, "R": 0.0971663763085657}, "datetime": {"datetime": "2021-04-27 01:02:06", "elapsed": 55723.65737, "delta": 234.623171}}
{"target": 325.0, "params": {"B": 2.2507013394412887, "R": 0.05245241813356684}, "datetime": {"datetime": "2021-04-27 01:06:01", "elapsed": 57600.627782, "delta": 234.672753}}
{"target": 325.0, "params": {"B": 2.2507013394412887, "R": 0.05245241813356684}, "datetime": {"datetime": "2021-04-27 01:06:01", "elapsed": 55958.331397, "delta": 234.674027}}
{"target": 525.0, "params": {"B": 5.444237799815143, "R": 0.07360243181428874}, "datetime": {"datetime": "2021-04-27 01:10:48", "elapsed": 57887.542188, "delta": 286.914406}}
{"target": 525.0, "params": {"B": 5.444237799815143, "R": 0.07360243181428874}, "datetime": {"datetime": "2021-04-27 01:10:48", "elapsed": 56245.244483, "delta": 286.913086}}
{"target": 390.0, "params": {"B": 2.3404884636670267, "R": 0.004135588517703579}, "datetime": {"datetime": "2021-04-27 01:15:03", "elapsed": 58142.579085, "delta": 255.036897}}
{"target": 390.0, "params": {"B": 2.3404884636670267, "R": 0.004135588517703579}, "datetime": {"datetime": "2021-04-27 01:15:03", "elapsed": 56500.28264, "delta": 255.038157}}
{"target": 480.0, "params": {"B": 3.4325795912020314, "R": 0.06417074561708103}, "datetime": {"datetime": "2021-04-27 01:19:25", "elapsed": 58404.905916, "delta": 262.326831}}
{"target": 480.0, "params": {"B": 3.4325795912020314, "R": 0.06417074561708103}, "datetime": {"datetime": "2021-04-27 01:19:25", "elapsed": 56762.609478, "delta": 262.326838}}
{"target": 430.0, "params": {"B": 5.833240925820398, "R": 0.04072745371473475}, "datetime": {"datetime": "2021-04-27 01:23:07", "elapsed": 58626.859245, "delta": 221.953329}}
{"target": 430.0, "params": {"B": 5.833240925820398, "R": 0.04072745371473475}, "datetime": {"datetime": "2021-04-27 01:23:07", "elapsed": 56984.56155, "delta": 221.952072}}
{"target": 350.0, "params": {"B": 2.319169106734193, "R": 0.06252576395385416}, "datetime": {"datetime": "2021-04-27 01:27:52", "elapsed": 58911.685109, "delta": 284.825864}}
{"target": 350.0, "params": {"B": 2.319169106734193, "R": 0.06252576395385416}, "datetime": {"datetime": "2021-04-27 01:27:52", "elapsed": 57269.389418, "delta": 284.827868}}
{"target": 520.0, "params": {"B": 2.393330162229491, "R": 0.04201087025187302}, "datetime": {"datetime": "2021-04-27 01:31:55", "elapsed": 59155.149998, "delta": 243.464889}}
{"target": 520.0, "params": {"B": 2.393330162229491, "R": 0.04201087025187302}, "datetime": {"datetime": "2021-04-27 01:31:55", "elapsed": 57512.852281, "delta": 243.462863}}
{"target": 490.0, "params": {"B": 5.166092908432823, "R": 0.07685762072313737}, "datetime": {"datetime": "2021-04-27 01:35:50", "elapsed": 59390.405818, "delta": 235.25582}}
{"target": 490.0, "params": {"B": 5.166092908432823, "R": 0.07685762072313737}, "datetime": {"datetime": "2021-04-27 01:35:50", "elapsed": 57748.108104, "delta": 235.255823}}
{"target": 515.0, "params": {"B": 4.041044919182449, "R": 0.07943523064901811}, "datetime": {"datetime": "2021-04-27 01:39:14", "elapsed": 59593.750598, "delta": 203.34478}}
{"target": 515.0, "params": {"B": 4.041044919182449, "R": 0.07943523064901811}, "datetime": {"datetime": "2021-04-27 01:39:14", "elapsed": 57951.454254, "delta": 203.34615}}
{"target": 370.0, "params": {"B": 5.105938386980919, "R": 0.019764694069057485}, "datetime": {"datetime": "2021-04-27 01:43:25", "elapsed": 59845.129834, "delta": 251.379236}}
{"target": 370.0, "params": {"B": 5.105938386980919, "R": 0.019764694069057485}, "datetime": {"datetime": "2021-04-27 01:43:25", "elapsed": 58202.832158, "delta": 251.377904}}
{"target": 550.0, "params": {"B": 5.703658129251981, "R": 0.04519726838183861}, "datetime": {"datetime": "2021-04-27 02:18:31", "elapsed": 61950.535181, "delta": 2105.405347}}
{"target": 550.0, "params": {"B": 5.703658129251981, "R": 0.04519726838183861}, "datetime": {"datetime": "2021-04-27 02:18:31", "elapsed": 60308.239195, "delta": 2105.407037}}
{"target": 395.0, "params": {"B": 2.001836828593615, "R": 0.03437762503449887}, "datetime": {"datetime": "2021-04-27 03:08:01", "elapsed": 64920.605254, "delta": 2970.070073}}
{"target": 395.0, "params": {"B": 2.001836828593615, "R": 0.03437762503449887}, "datetime": {"datetime": "2021-04-27 03:08:01", "elapsed": 63278.308975, "delta": 2970.06978}}
{"target": 430.0, "params": {"B": 5.401307844403092, "R": 0.06096330805324419}, "datetime": {"datetime": "2021-04-27 07:17:12", "elapsed": 79872.243798, "delta": 14951.638544}}
{"target": 430.0, "params": {"B": 5.401307844403092, "R": 0.06096330805324419}, "datetime": {"datetime": "2021-04-27 07:17:12", "elapsed": 78229.946293, "delta": 14951.637318}}
{"target": 455.0, "params": {"B": 4.041023683502845, "R": 0.07927559506491219}, "datetime": {"datetime": "2021-04-27 07:22:15", "elapsed": 80174.83045, "delta": 302.586652}}
{"target": 455.0, "params": {"B": 4.041023683502845, "R": 0.07927559506491219}, "datetime": {"datetime": "2021-04-27 07:22:15", "elapsed": 78532.532891, "delta": 302.586598}}
{"target": 480.0, "params": {"B": 4.696493017979049, "R": 0.09714167526827128}, "datetime": {"datetime": "2021-04-27 07:26:56", "elapsed": 80456.024094, "delta": 281.193644}}
{"target": 480.0, "params": {"B": 4.696493017979049, "R": 0.09714167526827128}, "datetime": {"datetime": "2021-04-27 07:26:56", "elapsed": 78813.726546, "delta": 281.193655}}
{"target": 445.0, "params": {"B": 4.696413511018049, "R": 0.09691287587440696}, "datetime": {"datetime": "2021-04-27 07:32:12", "elapsed": 80771.991532, "delta": 315.967438}}
{"target": 445.0, "params": {"B": 4.696413511018049, "R": 0.09691287587440696}, "datetime": {"datetime": "2021-04-27 07:32:12", "elapsed": 79129.694084, "delta": 315.967538}}
{"target": 330.0, "params": {"B": 2.672033256808718, "R": 0.06826886090332554}, "datetime": {"datetime": "2021-04-27 07:37:31", "elapsed": 81091.176305, "delta": 319.184773}}
{"target": 330.0, "params": {"B": 2.672033256808718, "R": 0.06826886090332554}, "datetime": {"datetime": "2021-04-27 07:37:31", "elapsed": 79448.87879, "delta": 319.184706}}
{"target": 350.0, "params": {"B": 4.040815477518761, "R": 0.07817822494353369}, "datetime": {"datetime": "2021-04-27 07:42:21", "elapsed": 81381.225408, "delta": 290.049103}}
{"target": 350.0, "params": {"B": 4.040815477518761, "R": 0.07817822494353369}, "datetime": {"datetime": "2021-04-27 07:42:21", "elapsed": 79738.928014, "delta": 290.049224}}
{"target": 430.0, "params": {"B": 2.001729602017572, "R": 0.03398797437173089}, "datetime": {"datetime": "2021-04-27 07:48:53", "elapsed": 81772.63841, "delta": 391.413002}}
{"target": 430.0, "params": {"B": 2.001729602017572, "R": 0.03398797437173089}, "datetime": {"datetime": "2021-04-27 07:48:53", "elapsed": 80130.340952, "delta": 391.412938}}
{"target": 495.0, "params": {"B": 4.955507061981229, "R": 0.030485742983031097}, "datetime": {"datetime": "2021-04-27 07:54:58", "elapsed": 82137.979407, "delta": 365.340997}}
{"target": 495.0, "params": {"B": 4.955507061981229, "R": 0.030485742983031097}, "datetime": {"datetime": "2021-04-27 07:54:58", "elapsed": 80495.681987, "delta": 365.341035}}
{"target": 320.0, "params": {"B": 2.6793382068883824, "R": 0.08750051439299084}, "datetime": {"datetime": "2021-04-27 08:01:37", "elapsed": 82537.16512, "delta": 399.185713}}
{"target": 320.0, "params": {"B": 2.6793382068883824, "R": 0.08750051439299084}, "datetime": {"datetime": "2021-04-27 08:01:37", "elapsed": 80894.867745, "delta": 399.185758}}
{"target": 345.0, "params": {"B": 4.82456735767061, "R": 0.0883478447038486}, "datetime": {"datetime": "2021-04-27 08:06:35", "elapsed": 82835.061089, "delta": 297.895969}}
{"target": 345.0, "params": {"B": 4.82456735767061, "R": 0.0883478447038486}, "datetime": {"datetime": "2021-04-27 08:06:35", "elapsed": 81192.763686, "delta": 297.895941}}
{"target": 365.0, "params": {"B": 4.040415152931291, "R": 0.07919983013597938}, "datetime": {"datetime": "2021-04-27 08:12:45", "elapsed": 83204.764857, "delta": 369.703768}}
{"target": 365.0, "params": {"B": 4.040415152931291, "R": 0.07919983013597938}, "datetime": {"datetime": "2021-04-27 08:12:45", "elapsed": 81562.46885, "delta": 369.705164}}
